2021-05-06 00:18:12.599  INFO 15280 --- [main] c.c.p.ProjectraptorApplication           : Starting ProjectraptorApplication using Java 11.0.10 on LAPTOP-NSMIJ32B with PID 15280 (D:\Files\Projects\projectraptor\target\classes started by mataacjo in D:\Files\Projects\projectraptor)
2021-05-06 00:18:12.604  INFO 15280 --- [main] c.c.p.ProjectraptorApplication           : No active profile set, falling back to default profiles: default
2021-05-06 00:18:13.779  INFO 15280 --- [main] .s.d.r.c.RepositoryConfigurationDelegate : Bootstrapping Spring Data JPA repositories in DEFAULT mode.
2021-05-06 00:18:13.878  INFO 15280 --- [main] .s.d.r.c.RepositoryConfigurationDelegate : Finished Spring Data repository scanning in 78 ms. Found 1 JPA repository interfaces.
2021-05-06 00:18:15.403  INFO 15280 --- [main] o.s.b.w.embedded.tomcat.TomcatWebServer  : Tomcat initialized with port(s): 8080 (http)
2021-05-06 00:18:15.416  INFO 15280 --- [main] o.apache.catalina.core.StandardService   : Starting service [Tomcat]
2021-05-06 00:18:15.416  INFO 15280 --- [main] org.apache.catalina.core.StandardEngine  : Starting Servlet engine: [Apache Tomcat/9.0.45]
2021-05-06 00:18:15.545  INFO 15280 --- [main] o.a.c.c.C.[Tomcat].[localhost].[/]       : Initializing Spring embedded WebApplicationContext
2021-05-06 00:18:15.545  INFO 15280 --- [main] w.s.c.ServletWebServerApplicationContext : Root WebApplicationContext: initialization completed in 2814 ms
2021-05-06 00:18:15.844  INFO 15280 --- [main] o.hibernate.jpa.internal.util.LogHelper  : HHH000204: Processing PersistenceUnitInfo [name: default]
2021-05-06 00:18:15.910  INFO 15280 --- [main] org.hibernate.Version                    : HHH000412: Hibernate ORM core version 5.4.30.Final
2021-05-06 00:18:16.074  INFO 15280 --- [main] o.hibernate.annotations.common.Version   : HCANN000001: Hibernate Commons Annotations {5.1.2.Final}
2021-05-06 00:18:16.167  INFO 15280 --- [main] com.zaxxer.hikari.HikariDataSource       : HikariPool-1 - Starting...
2021-05-06 00:18:16.291  INFO 15280 --- [main] com.zaxxer.hikari.HikariDataSource       : HikariPool-1 - Start completed.
2021-05-06 00:18:16.323  INFO 15280 --- [main] org.hibernate.dialect.Dialect            : HHH000400: Using dialect: org.hibernate.dialect.PostgreSQL10Dialect
2021-05-06 00:18:17.190  INFO 15280 --- [main] o.h.e.t.j.p.i.JtaPlatformInitiator       : HHH000490: Using JtaPlatform implementation: [org.hibernate.engine.transaction.jta.platform.internal.NoJtaPlatform]
2021-05-06 00:18:17.200  INFO 15280 --- [main] j.LocalContainerEntityManagerFactoryBean : Initialized JPA EntityManagerFactory for persistence unit 'default'
2021-05-06 00:18:17.609  WARN 15280 --- [main] JpaBaseConfiguration$JpaWebConfiguration : spring.jpa.open-in-view is enabled by default. Therefore, database queries may be performed during view rendering. Explicitly configure spring.jpa.open-in-view to disable this warning
2021-05-06 00:18:17.752  INFO 15280 --- [main] o.s.s.concurrent.ThreadPoolTaskExecutor  : Initializing ExecutorService 'applicationTaskExecutor'
2021-05-06 00:18:18.040  INFO 15280 --- [main] o.s.b.w.embedded.tomcat.TomcatWebServer  : Tomcat started on port(s): 8080 (http) with context path ''
2021-05-06 00:18:18.051  INFO 15280 --- [main] c.c.p.ProjectraptorApplication           : Started ProjectraptorApplication in 6.076 seconds (JVM running for 6.921)
2021-05-06 00:18:26.535  INFO 15280 --- [http-nio-8080-exec-1] o.a.c.c.C.[Tomcat].[localhost].[/]       : Initializing Spring DispatcherServlet 'dispatcherServlet'
2021-05-06 00:18:26.536  INFO 15280 --- [http-nio-8080-exec-1] o.s.web.servlet.DispatcherServlet        : Initializing Servlet 'dispatcherServlet'
2021-05-06 00:18:26.538  INFO 15280 --- [http-nio-8080-exec-1] o.s.web.servlet.DispatcherServlet        : Completed initialization in 2 ms
2021-05-06 00:20:44.952  INFO 12976 --- [main] c.c.p.ProjectraptorApplication           : Starting ProjectraptorApplication using Java 11.0.10 on LAPTOP-NSMIJ32B with PID 12976 (D:\Files\Projects\projectraptor\target\classes started by mataacjo in D:\Files\Projects\projectraptor)
2021-05-06 00:20:44.955  INFO 12976 --- [main] c.c.p.ProjectraptorApplication           : No active profile set, falling back to default profiles: default
2021-05-06 00:20:45.974  INFO 12976 --- [main] .s.d.r.c.RepositoryConfigurationDelegate : Bootstrapping Spring Data JPA repositories in DEFAULT mode.
2021-05-06 00:20:46.061  INFO 12976 --- [main] .s.d.r.c.RepositoryConfigurationDelegate : Finished Spring Data repository scanning in 71 ms. Found 1 JPA repository interfaces.
2021-05-06 00:20:47.565  INFO 12976 --- [main] o.s.b.w.embedded.tomcat.TomcatWebServer  : Tomcat initialized with port(s): 8080 (http)
2021-05-06 00:20:47.577  INFO 12976 --- [main] o.apache.catalina.core.StandardService   : Starting service [Tomcat]
2021-05-06 00:20:47.577  INFO 12976 --- [main] org.apache.catalina.core.StandardEngine  : Starting Servlet engine: [Apache Tomcat/9.0.45]
2021-05-06 00:20:47.694  INFO 12976 --- [main] o.a.c.c.C.[Tomcat].[localhost].[/]       : Initializing Spring embedded WebApplicationContext
2021-05-06 00:20:47.695  INFO 12976 --- [main] w.s.c.ServletWebServerApplicationContext : Root WebApplicationContext: initialization completed in 2654 ms
2021-05-06 00:20:47.968  INFO 12976 --- [main] o.hibernate.jpa.internal.util.LogHelper  : HHH000204: Processing PersistenceUnitInfo [name: default]
2021-05-06 00:20:48.030  INFO 12976 --- [main] org.hibernate.Version                    : HHH000412: Hibernate ORM core version 5.4.30.Final
2021-05-06 00:20:48.158  INFO 12976 --- [main] o.hibernate.annotations.common.Version   : HCANN000001: Hibernate Commons Annotations {5.1.2.Final}
2021-05-06 00:20:48.250  INFO 12976 --- [main] com.zaxxer.hikari.HikariDataSource       : HikariPool-1 - Starting...
2021-05-06 00:20:48.337  INFO 12976 --- [main] com.zaxxer.hikari.HikariDataSource       : HikariPool-1 - Start completed.
2021-05-06 00:20:48.365  INFO 12976 --- [main] org.hibernate.dialect.Dialect            : HHH000400: Using dialect: org.hibernate.dialect.PostgreSQL10Dialect
2021-05-06 00:20:49.171  INFO 12976 --- [main] o.h.e.t.j.p.i.JtaPlatformInitiator       : HHH000490: Using JtaPlatform implementation: [org.hibernate.engine.transaction.jta.platform.internal.NoJtaPlatform]
2021-05-06 00:20:49.182  INFO 12976 --- [main] j.LocalContainerEntityManagerFactoryBean : Initialized JPA EntityManagerFactory for persistence unit 'default'
2021-05-06 00:20:49.595  WARN 12976 --- [main] JpaBaseConfiguration$JpaWebConfiguration : spring.jpa.open-in-view is enabled by default. Therefore, database queries may be performed during view rendering. Explicitly configure spring.jpa.open-in-view to disable this warning
2021-05-06 00:20:49.737  INFO 12976 --- [main] o.s.s.concurrent.ThreadPoolTaskExecutor  : Initializing ExecutorService 'applicationTaskExecutor'
2021-05-06 00:20:50.027  INFO 12976 --- [main] o.s.b.w.embedded.tomcat.TomcatWebServer  : Tomcat started on port(s): 8080 (http) with context path ''
2021-05-06 00:20:50.039  INFO 12976 --- [main] c.c.p.ProjectraptorApplication           : Started ProjectraptorApplication in 5.674 seconds (JVM running for 6.368)
2021-05-06 15:13:59.536  INFO 3344 --- [main] c.c.p.ProjectraptorApplication           : Starting ProjectraptorApplication using Java 11.0.10 on LAPTOP-NSMIJ32B with PID 3344 (D:\Files\Projects\projectraptor\target\classes started by mataacjo in D:\Files\Projects\projectraptor)
2021-05-06 15:13:59.543  INFO 3344 --- [main] c.c.p.ProjectraptorApplication           : No active profile set, falling back to default profiles: default
2021-05-06 15:14:01.166  INFO 3344 --- [main] .s.d.r.c.RepositoryConfigurationDelegate : Bootstrapping Spring Data JPA repositories in DEFAULT mode.
2021-05-06 15:14:01.292  INFO 3344 --- [main] .s.d.r.c.RepositoryConfigurationDelegate : Finished Spring Data repository scanning in 105 ms. Found 3 JPA repository interfaces.
2021-05-06 15:14:03.864  INFO 3344 --- [main] o.s.b.w.embedded.tomcat.TomcatWebServer  : Tomcat initialized with port(s): 8080 (http)
2021-05-06 15:14:03.895  INFO 3344 --- [main] o.apache.catalina.core.StandardService   : Starting service [Tomcat]
2021-05-06 15:14:03.896  INFO 3344 --- [main] org.apache.catalina.core.StandardEngine  : Starting Servlet engine: [Apache Tomcat/9.0.45]
2021-05-06 15:14:04.272  INFO 3344 --- [main] o.a.c.c.C.[Tomcat].[localhost].[/]       : Initializing Spring embedded WebApplicationContext
2021-05-06 15:14:04.273  INFO 3344 --- [main] w.s.c.ServletWebServerApplicationContext : Root WebApplicationContext: initialization completed in 4590 ms
2021-05-06 15:14:04.683  INFO 3344 --- [main] o.hibernate.jpa.internal.util.LogHelper  : HHH000204: Processing PersistenceUnitInfo [name: default]
2021-05-06 15:14:04.767  INFO 3344 --- [main] org.hibernate.Version                    : HHH000412: Hibernate ORM core version 5.4.30.Final
2021-05-06 15:14:05.211  INFO 3344 --- [main] o.hibernate.annotations.common.Version   : HCANN000001: Hibernate Commons Annotations {5.1.2.Final}
2021-05-06 15:14:05.484  INFO 3344 --- [main] com.zaxxer.hikari.HikariDataSource       : HikariPool-1 - Starting...
2021-05-06 15:14:05.830  INFO 3344 --- [main] com.zaxxer.hikari.HikariDataSource       : HikariPool-1 - Start completed.
2021-05-06 15:14:05.908  INFO 3344 --- [main] org.hibernate.dialect.Dialect            : HHH000400: Using dialect: org.hibernate.dialect.PostgreSQL10Dialect
2021-05-06 15:14:07.674  INFO 3344 --- [main] o.h.e.t.j.p.i.JtaPlatformInitiator       : HHH000490: Using JtaPlatform implementation: [org.hibernate.engine.transaction.jta.platform.internal.NoJtaPlatform]
2021-05-06 15:14:07.693  INFO 3344 --- [main] j.LocalContainerEntityManagerFactoryBean : Initialized JPA EntityManagerFactory for persistence unit 'default'
2021-05-06 15:14:08.463  WARN 3344 --- [main] JpaBaseConfiguration$JpaWebConfiguration : spring.jpa.open-in-view is enabled by default. Therefore, database queries may be performed during view rendering. Explicitly configure spring.jpa.open-in-view to disable this warning
2021-05-06 15:14:08.626  INFO 3344 --- [main] o.s.s.concurrent.ThreadPoolTaskExecutor  : Initializing ExecutorService 'applicationTaskExecutor'
2021-05-06 15:14:08.986  INFO 3344 --- [main] o.s.b.w.embedded.tomcat.TomcatWebServer  : Tomcat started on port(s): 8080 (http) with context path ''
2021-05-06 15:14:09.000  INFO 3344 --- [main] c.c.p.ProjectraptorApplication           : Started ProjectraptorApplication in 10.415 seconds (JVM running for 11.594)
2021-05-06 15:14:30.886  INFO 3344 --- [http-nio-8080-exec-1] o.a.c.c.C.[Tomcat].[localhost].[/]       : Initializing Spring DispatcherServlet 'dispatcherServlet'
2021-05-06 15:14:30.889  INFO 3344 --- [http-nio-8080-exec-1] o.s.web.servlet.DispatcherServlet        : Initializing Servlet 'dispatcherServlet'
2021-05-06 15:14:30.894  INFO 3344 --- [http-nio-8080-exec-1] o.s.web.servlet.DispatcherServlet        : Completed initialization in 4 ms
2021-05-06 16:34:41.890  INFO 14804 --- [main] c.c.p.ProjectraptorApplication           : Starting ProjectraptorApplication using Java 11.0.10 on LAPTOP-NSMIJ32B with PID 14804 (D:\Files\Projects\projectraptor\target\classes started by mataacjo in D:\Files\Projects\projectraptor)
2021-05-06 16:34:41.894  INFO 14804 --- [main] c.c.p.ProjectraptorApplication           : No active profile set, falling back to default profiles: default
2021-05-06 16:34:43.081  INFO 14804 --- [main] .s.d.r.c.RepositoryConfigurationDelegate : Bootstrapping Spring Data JPA repositories in DEFAULT mode.
2021-05-06 16:34:43.210  INFO 14804 --- [main] .s.d.r.c.RepositoryConfigurationDelegate : Finished Spring Data repository scanning in 112 ms. Found 3 JPA repository interfaces.
2021-05-06 16:34:44.844  INFO 14804 --- [main] o.s.b.w.embedded.tomcat.TomcatWebServer  : Tomcat initialized with port(s): 8080 (http)
2021-05-06 16:34:44.859  INFO 14804 --- [main] o.apache.catalina.core.StandardService   : Starting service [Tomcat]
2021-05-06 16:34:44.859  INFO 14804 --- [main] org.apache.catalina.core.StandardEngine  : Starting Servlet engine: [Apache Tomcat/9.0.45]
2021-05-06 16:34:45.010  INFO 14804 --- [main] o.a.c.c.C.[Tomcat].[localhost].[/]       : Initializing Spring embedded WebApplicationContext
2021-05-06 16:34:45.010  INFO 14804 --- [main] w.s.c.ServletWebServerApplicationContext : Root WebApplicationContext: initialization completed in 3017 ms
2021-05-06 16:34:45.324  INFO 14804 --- [main] o.hibernate.jpa.internal.util.LogHelper  : HHH000204: Processing PersistenceUnitInfo [name: default]
2021-05-06 16:34:45.391  INFO 14804 --- [main] org.hibernate.Version                    : HHH000412: Hibernate ORM core version 5.4.30.Final
2021-05-06 16:34:45.576  INFO 14804 --- [main] o.hibernate.annotations.common.Version   : HCANN000001: Hibernate Commons Annotations {5.1.2.Final}
2021-05-06 16:34:45.678  INFO 14804 --- [main] com.zaxxer.hikari.HikariDataSource       : HikariPool-1 - Starting...
2021-05-06 16:34:45.808  INFO 14804 --- [main] com.zaxxer.hikari.HikariDataSource       : HikariPool-1 - Start completed.
2021-05-06 16:34:45.848  INFO 14804 --- [main] org.hibernate.dialect.Dialect            : HHH000400: Using dialect: org.hibernate.dialect.PostgreSQL10Dialect
2021-05-06 16:34:46.799  INFO 14804 --- [main] o.h.e.t.j.p.i.JtaPlatformInitiator       : HHH000490: Using JtaPlatform implementation: [org.hibernate.engine.transaction.jta.platform.internal.NoJtaPlatform]
2021-05-06 16:34:46.809  INFO 14804 --- [main] j.LocalContainerEntityManagerFactoryBean : Initialized JPA EntityManagerFactory for persistence unit 'default'
2021-05-06 16:34:47.371  WARN 14804 --- [main] JpaBaseConfiguration$JpaWebConfiguration : spring.jpa.open-in-view is enabled by default. Therefore, database queries may be performed during view rendering. Explicitly configure spring.jpa.open-in-view to disable this warning
2021-05-06 16:34:47.536  INFO 14804 --- [main] o.s.s.concurrent.ThreadPoolTaskExecutor  : Initializing ExecutorService 'applicationTaskExecutor'
2021-05-06 16:34:47.933  INFO 14804 --- [main] o.s.b.w.embedded.tomcat.TomcatWebServer  : Tomcat started on port(s): 8080 (http) with context path ''
2021-05-06 16:34:47.952  INFO 14804 --- [main] c.c.p.ProjectraptorApplication           : Started ProjectraptorApplication in 6.752 seconds (JVM running for 7.728)
2021-05-06 16:35:10.263  INFO 14804 --- [http-nio-8080-exec-1] o.a.c.c.C.[Tomcat].[localhost].[/]       : Initializing Spring DispatcherServlet 'dispatcherServlet'
2021-05-06 16:35:10.264  INFO 14804 --- [http-nio-8080-exec-1] o.s.web.servlet.DispatcherServlet        : Initializing Servlet 'dispatcherServlet'
2021-05-06 16:35:10.265  INFO 14804 --- [http-nio-8080-exec-1] o.s.web.servlet.DispatcherServlet        : Completed initialization in 1 ms
